1671823518.310033 client started (22669): version 3.3a, socket /private/tmp/tmux-501/default, protocol 8
1671823518.310180 on Darwin 21.6.0 Darwin Kernel Version 21.6.0: Sat Jun 18 17:07:25 PDT 2022; root:xnu-8020.140.41~1/RELEASE_X86_64
1671823518.310581 using libevent 2.1.12-stable (select); utf8proc 2.7.0; ncurses 6.3
1671823518.310647 flags are 0x18010000
1671823518.310687 socket is /private/tmp/tmux-501/default
1671823518.310796 trying connect
1671823518.310846 connect failed: No such file or directory
1671823518.310908 lock file is /private/tmp/tmux-501/default.lock
1671823518.311040 flock succeeded
1671823518.311055 got lock (6)
1671823518.311067 trying connect
1671823518.311091 connect failed: No such file or directory
1671823518.311815 add peer 0x7fc473031000: 7 (0x0)
1671823518.315392 sending message 100 to peer 0x7fc473031000 (4 bytes)
1671823518.315421 sending message 111 to peer 0x7fc473031000 (8 bytes)
1671823518.315435 sending message 101 to peer 0x7fc473031000 (15 bytes)
1671823518.315457 sending message 109 to peer 0x7fc473031000 (4 bytes)
1671823518.315468 sending message 102 to peer 0x7fc473031000 (13 bytes)
1671823518.315478 sending message 108 to peer 0x7fc473031000 (25 bytes)
1671823518.315487 sending message 112 to peer 0x7fc473031000 (58 bytes)
1671823518.315501 sending message 112 to peer 0x7fc473031000 (5 bytes)
1671823518.315511 sending message 112 to peer 0x7fc473031000 (5 bytes)
1671823518.315524 sending message 112 to peer 0x7fc473031000 (6 bytes)
1671823518.315538 sending message 112 to peer 0x7fc473031000 (6 bytes)
1671823518.315555 sending message 112 to peer 0x7fc473031000 (11 bytes)
1671823518.315569 sending message 112 to peer 0x7fc473031000 (10 bytes)
1671823518.315580 sending message 112 to peer 0x7fc473031000 (13 bytes)
1671823518.315590 sending message 112 to peer 0x7fc473031000 (14 bytes)
1671823518.315599 sending message 112 to peer 0x7fc473031000 (19 bytes)
1671823518.315610 sending message 112 to peer 0x7fc473031000 (11 bytes)
1671823518.315619 sending message 112 to peer 0x7fc473031000 (10 bytes)
1671823518.315631 sending message 112 to peer 0x7fc473031000 (15 bytes)
1671823518.315642 sending message 112 to peer 0x7fc473031000 (21 bytes)
1671823518.315653 sending message 112 to peer 0x7fc473031000 (13 bytes)
1671823518.315670 sending message 112 to peer 0x7fc473031000 (7 bytes)
1671823518.315681 sending message 112 to peer 0x7fc473031000 (13 bytes)
1671823518.315692 sending message 112 to peer 0x7fc473031000 (7 bytes)
1671823518.315703 sending message 112 to peer 0x7fc473031000 (13 bytes)
1671823518.315714 sending message 112 to peer 0x7fc473031000 (9 bytes)
1671823518.315726 sending message 112 to peer 0x7fc473031000 (21 bytes)
1671823518.315737 sending message 112 to peer 0x7fc473031000 (13 bytes)
1671823518.315748 sending message 112 to peer 0x7fc473031000 (9 bytes)
1671823518.315759 sending message 112 to peer 0x7fc473031000 (16 bytes)
1671823518.315771 sending message 112 to peer 0x7fc473031000 (13 bytes)
1671823518.315781 sending message 112 to peer 0x7fc473031000 (9 bytes)
1671823518.315792 sending message 112 to peer 0x7fc473031000 (9 bytes)
1671823518.315802 sending message 112 to peer 0x7fc473031000 (12 bytes)
1671823518.315813 sending message 112 to peer 0x7fc473031000 (8 bytes)
1671823518.315823 sending message 112 to peer 0x7fc473031000 (8 bytes)
1671823518.315833 sending message 112 to peer 0x7fc473031000 (13 bytes)
1671823518.315843 sending message 112 to peer 0x7fc473031000 (7 bytes)
1671823518.315853 sending message 112 to peer 0x7fc473031000 (7 bytes)
1671823518.315864 sending message 112 to peer 0x7fc473031000 (9 bytes)
1671823518.315880 sending message 112 to peer 0x7fc473031000 (9 bytes)
1671823518.315891 sending message 112 to peer 0x7fc473031000 (15 bytes)
1671823518.315901 sending message 112 to peer 0x7fc473031000 (13 bytes)
1671823518.315911 sending message 112 to peer 0x7fc473031000 (12 bytes)
1671823518.315921 sending message 112 to peer 0x7fc473031000 (8 bytes)
1671823518.315931 sending message 112 to peer 0x7fc473031000 (14 bytes)
1671823518.315941 sending message 112 to peer 0x7fc473031000 (11 bytes)
1671823518.315970 sending message 112 to peer 0x7fc473031000 (9 bytes)
1671823518.315977 sending message 112 to peer 0x7fc473031000 (10 bytes)
1671823518.315983 sending message 112 to peer 0x7fc473031000 (10 bytes)
1671823518.315989 sending message 112 to peer 0x7fc473031000 (10 bytes)
1671823518.315996 sending message 112 to peer 0x7fc473031000 (10 bytes)
1671823518.316003 sending message 112 to peer 0x7fc473031000 (11 bytes)
1671823518.316010 sending message 112 to peer 0x7fc473031000 (12 bytes)
1671823518.316017 sending message 112 to peer 0x7fc473031000 (12 bytes)
1671823518.316024 sending message 112 to peer 0x7fc473031000 (12 bytes)
1671823518.316032 sending message 112 to peer 0x7fc473031000 (12 bytes)
1671823518.316040 sending message 112 to peer 0x7fc473031000 (12 bytes)
1671823518.316048 sending message 112 to peer 0x7fc473031000 (11 bytes)
1671823518.316055 sending message 112 to peer 0x7fc473031000 (11 bytes)
1671823518.316062 sending message 112 to peer 0x7fc473031000 (12 bytes)
1671823518.316068 sending message 112 to peer 0x7fc473031000 (12 bytes)
1671823518.316074 sending message 112 to peer 0x7fc473031000 (12 bytes)
1671823518.316080 sending message 112 to peer 0x7fc473031000 (12 bytes)
1671823518.316102 sending message 112 to peer 0x7fc473031000 (12 bytes)
1671823518.316109 sending message 112 to peer 0x7fc473031000 (9 bytes)
1671823518.316117 sending message 112 to peer 0x7fc473031000 (12 bytes)
1671823518.316124 sending message 112 to peer 0x7fc473031000 (13 bytes)
1671823518.316131 sending message 112 to peer 0x7fc473031000 (13 bytes)
1671823518.316147 sending message 112 to peer 0x7fc473031000 (13 bytes)
1671823518.316157 sending message 112 to peer 0x7fc473031000 (13 bytes)
1671823518.316164 sending message 112 to peer 0x7fc473031000 (13 bytes)
1671823518.316170 sending message 112 to peer 0x7fc473031000 (8 bytes)
1671823518.316176 sending message 112 to peer 0x7fc473031000 (11 bytes)
1671823518.316183 sending message 112 to peer 0x7fc473031000 (11 bytes)
1671823518.316189 sending message 112 to peer 0x7fc473031000 (11 bytes)
1671823518.316195 sending message 112 to peer 0x7fc473031000 (12 bytes)
1671823518.316201 sending message 112 to peer 0x7fc473031000 (12 bytes)
1671823518.316208 sending message 112 to peer 0x7fc473031000 (12 bytes)
1671823518.316215 sending message 112 to peer 0x7fc473031000 (12 bytes)
1671823518.316221 sending message 112 to peer 0x7fc473031000 (13 bytes)
1671823518.316229 sending message 112 to peer 0x7fc473031000 (13 bytes)
1671823518.316237 sending message 112 to peer 0x7fc473031000 (13 bytes)
1671823518.316243 sending message 112 to peer 0x7fc473031000 (8 bytes)
1671823518.316250 sending message 112 to peer 0x7fc473031000 (13 bytes)
1671823518.316256 sending message 112 to peer 0x7fc473031000 (13 bytes)
1671823518.316262 sending message 112 to peer 0x7fc473031000 (13 bytes)
1671823518.316268 sending message 112 to peer 0x7fc473031000 (13 bytes)
1671823518.316274 sending message 112 to peer 0x7fc473031000 (13 bytes)
1671823518.316281 sending message 112 to peer 0x7fc473031000 (12 bytes)
1671823518.316288 sending message 112 to peer 0x7fc473031000 (12 bytes)
1671823518.316295 sending message 112 to peer 0x7fc473031000 (12 bytes)
1671823518.316302 sending message 112 to peer 0x7fc473031000 (12 bytes)
1671823518.316320 sending message 112 to peer 0x7fc473031000 (13 bytes)
1671823518.316329 sending message 112 to peer 0x7fc473031000 (8 bytes)
1671823518.316335 sending message 112 to peer 0x7fc473031000 (13 bytes)
1671823518.316341 sending message 112 to peer 0x7fc473031000 (13 bytes)
1671823518.316349 sending message 112 to peer 0x7fc473031000 (13 bytes)
1671823518.316355 sending message 112 to peer 0x7fc473031000 (13 bytes)
1671823518.316362 sending message 112 to peer 0x7fc473031000 (13 bytes)
1671823518.316368 sending message 112 to peer 0x7fc473031000 (13 bytes)
1671823518.316377 sending message 112 to peer 0x7fc473031000 (13 bytes)
1671823518.316385 sending message 112 to peer 0x7fc473031000 (12 bytes)
1671823518.316391 sending message 112 to peer 0x7fc473031000 (12 bytes)
1671823518.316414 sending message 112 to peer 0x7fc473031000 (12 bytes)
1671823518.316421 sending message 112 to peer 0x7fc473031000 (8 bytes)
1671823518.316428 sending message 112 to peer 0x7fc473031000 (12 bytes)
1671823518.316435 sending message 112 to peer 0x7fc473031000 (13 bytes)
1671823518.316441 sending message 112 to peer 0x7fc473031000 (13 bytes)
1671823518.316447 sending message 112 to peer 0x7fc473031000 (13 bytes)
1671823518.316453 sending message 112 to peer 0x7fc473031000 (13 bytes)
1671823518.316459 sending message 112 to peer 0x7fc473031000 (13 bytes)
1671823518.316466 sending message 112 to peer 0x7fc473031000 (13 bytes)
1671823518.316472 sending message 112 to peer 0x7fc473031000 (13 bytes)
1671823518.316478 sending message 112 to peer 0x7fc473031000 (13 bytes)
1671823518.316485 sending message 112 to peer 0x7fc473031000 (12 bytes)
1671823518.316492 sending message 112 to peer 0x7fc473031000 (10 bytes)
1671823518.316499 sending message 112 to peer 0x7fc473031000 (12 bytes)
1671823518.316506 sending message 112 to peer 0x7fc473031000 (12 bytes)
1671823518.316514 sending message 112 to peer 0x7fc473031000 (12 bytes)
1671823518.316522 sending message 112 to peer 0x7fc473031000 (13 bytes)
1671823518.316537 sending message 112 to peer 0x7fc473031000 (13 bytes)
1671823518.316544 sending message 112 to peer 0x7fc473031000 (13 bytes)
1671823518.316551 sending message 112 to peer 0x7fc473031000 (13 bytes)
1671823518.316558 sending message 112 to peer 0x7fc473031000 (13 bytes)
1671823518.316564 sending message 112 to peer 0x7fc473031000 (13 bytes)
1671823518.316571 sending message 112 to peer 0x7fc473031000 (13 bytes)
1671823518.316577 sending message 112 to peer 0x7fc473031000 (10 bytes)
1671823518.316586 sending message 112 to peer 0x7fc473031000 (13 bytes)
1671823518.316594 sending message 112 to peer 0x7fc473031000 (12 bytes)
1671823518.316600 sending message 112 to peer 0x7fc473031000 (12 bytes)
1671823518.316607 sending message 112 to peer 0x7fc473031000 (12 bytes)
1671823518.316614 sending message 112 to peer 0x7fc473031000 (10 bytes)
1671823518.316622 sending message 112 to peer 0x7fc473031000 (10 bytes)
1671823518.316630 sending message 112 to peer 0x7fc473031000 (10 bytes)
1671823518.316637 sending message 112 to peer 0x7fc473031000 (12 bytes)
1671823518.316644 sending message 112 to peer 0x7fc473031000 (13 bytes)
1671823518.316650 sending message 112 to peer 0x7fc473031000 (13 bytes)
1671823518.316656 sending message 112 to peer 0x7fc473031000 (13 bytes)
1671823518.316663 sending message 112 to peer 0x7fc473031000 (13 bytes)
1671823518.316670 sending message 112 to peer 0x7fc473031000 (13 bytes)
1671823518.316676 sending message 112 to peer 0x7fc473031000 (10 bytes)
1671823518.316683 sending message 112 to peer 0x7fc473031000 (11 bytes)
1671823518.316691 sending message 112 to peer 0x7fc473031000 (12 bytes)
1671823518.316697 sending message 112 to peer 0x7fc473031000 (12 bytes)
1671823518.316704 sending message 112 to peer 0x7fc473031000 (12 bytes)
1671823518.316710 sending message 112 to peer 0x7fc473031000 (12 bytes)
1671823518.316716 sending message 112 to peer 0x7fc473031000 (12 bytes)
1671823518.316723 sending message 112 to peer 0x7fc473031000 (11 bytes)
1671823518.316729 sending message 112 to peer 0x7fc473031000 (12 bytes)
1671823518.316735 sending message 112 to peer 0x7fc473031000 (12 bytes)
1671823518.316742 sending message 112 to peer 0x7fc473031000 (13 bytes)
1671823518.316753 sending message 112 to peer 0x7fc473031000 (13 bytes)
1671823518.316760 sending message 112 to peer 0x7fc473031000 (13 bytes)
1671823518.316768 sending message 112 to peer 0x7fc473031000 (13 bytes)
1671823518.316775 sending message 112 to peer 0x7fc473031000 (13 bytes)
1671823518.316782 sending message 112 to peer 0x7fc473031000 (10 bytes)
1671823518.316788 sending message 112 to peer 0x7fc473031000 (9 bytes)
1671823518.316795 sending message 112 to peer 0x7fc473031000 (12 bytes)
1671823518.316801 sending message 112 to peer 0x7fc473031000 (13 bytes)
1671823518.316807 sending message 112 to peer 0x7fc473031000 (13 bytes)
1671823518.316828 sending message 112 to peer 0x7fc473031000 (13 bytes)
1671823518.316835 sending message 112 to peer 0x7fc473031000 (13 bytes)
1671823518.316841 sending message 112 to peer 0x7fc473031000 (13 bytes)
1671823518.316847 sending message 112 to peer 0x7fc473031000 (9 bytes)
1671823518.316854 sending message 112 to peer 0x7fc473031000 (12 bytes)
1671823518.316860 sending message 112 to peer 0x7fc473031000 (13 bytes)
1671823518.316867 sending message 112 to peer 0x7fc473031000 (13 bytes)
1671823518.316874 sending message 112 to peer 0x7fc473031000 (13 bytes)
1671823518.316881 sending message 112 to peer 0x7fc473031000 (13 bytes)
1671823518.316888 sending message 112 to peer 0x7fc473031000 (13 bytes)
1671823518.316894 sending message 112 to peer 0x7fc473031000 (11 bytes)
1671823518.316902 sending message 112 to peer 0x7fc473031000 (12 bytes)
1671823518.316909 sending message 112 to peer 0x7fc473031000 (13 bytes)
1671823518.316916 sending message 112 to peer 0x7fc473031000 (13 bytes)
1671823518.316922 sending message 112 to peer 0x7fc473031000 (13 bytes)
1671823518.316928 sending message 112 to peer 0x7fc473031000 (13 bytes)
1671823518.316935 sending message 112 to peer 0x7fc473031000 (13 bytes)
1671823518.316941 sending message 112 to peer 0x7fc473031000 (11 bytes)
1671823518.316947 sending message 112 to peer 0x7fc473031000 (12 bytes)
1671823518.316955 sending message 112 to peer 0x7fc473031000 (12 bytes)
1671823518.316962 sending message 112 to peer 0x7fc473031000 (12 bytes)
1671823518.316971 sending message 112 to peer 0x7fc473031000 (12 bytes)
1671823518.316978 sending message 112 to peer 0x7fc473031000 (12 bytes)
1671823518.316985 sending message 112 to peer 0x7fc473031000 (21 bytes)
1671823518.316992 sending message 112 to peer 0x7fc473031000 (12 bytes)
1671823518.316998 sending message 112 to peer 0x7fc473031000 (9 bytes)
1671823518.317003 sending message 112 to peer 0x7fc473031000 (6 bytes)
1671823518.317009 sending message 112 to peer 0x7fc473031000 (13 bytes)
1671823518.317015 sending message 112 to peer 0x7fc473031000 (10 bytes)
1671823518.317021 sending message 112 to peer 0x7fc473031000 (24 bytes)
1671823518.317026 sending message 112 to peer 0x7fc473031000 (13 bytes)
1671823518.317034 sending message 112 to peer 0x7fc473031000 (9 bytes)
1671823518.317039 sending message 112 to peer 0x7fc473031000 (70 bytes)
1671823518.317045 sending message 112 to peer 0x7fc473031000 (69 bytes)
1671823518.317086 sending message 112 to peer 0x7fc473031000 (12 bytes)
1671823518.317102 sending message 112 to peer 0x7fc473031000 (10 bytes)
1671823518.317110 sending message 112 to peer 0x7fc473031000 (10 bytes)
1671823518.317119 sending message 112 to peer 0x7fc473031000 (24 bytes)
1671823518.317128 sending message 112 to peer 0x7fc473031000 (13 bytes)
1671823518.317138 sending message 112 to peer 0x7fc473031000 (10 bytes)
1671823518.317147 sending message 112 to peer 0x7fc473031000 (10 bytes)
1671823518.317156 sending message 112 to peer 0x7fc473031000 (10 bytes)
1671823518.317161 sending message 112 to peer 0x7fc473031000 (13 bytes)
1671823518.317166 sending message 112 to peer 0x7fc473031000 (15 bytes)
1671823518.317178 sending message 112 to peer 0x7fc473031000 (5 bytes)
1671823518.317185 sending message 104 to peer 0x7fc473031000 (0 bytes)
1671823518.317191 sending message 110 to peer 0x7fc473031000 (0 bytes)
1671823518.317197 sending message 107 to peer 0x7fc473031000 (4 bytes)
1671823518.317203 sending message 105 to peer 0x7fc473031000 (29 bytes)
1671823518.317208 sending message 105 to peer 0x7fc473031000 (78 bytes)
1671823518.317213 sending message 105 to peer 0x7fc473031000 (54 bytes)
1671823518.317225 sending message 105 to peer 0x7fc473031000 (23 bytes)
1671823518.317233 sending message 105 to peer 0x7fc473031000 (14 bytes)
1671823518.317238 sending message 105 to peer 0x7fc473031000 (26 bytes)
1671823518.317244 sending message 105 to peer 0x7fc473031000 (51 bytes)
1671823518.317249 sending message 105 to peer 0x7fc473031000 (20 bytes)
1671823518.317255 sending message 105 to peer 0x7fc473031000 (26 bytes)
1671823518.317274 sending message 105 to peer 0x7fc473031000 (42 bytes)
1671823518.317280 sending message 105 to peer 0x7fc473031000 (13 bytes)
1671823518.317285 sending message 105 to peer 0x7fc473031000 (10 bytes)
1671823518.317291 sending message 105 to peer 0x7fc473031000 (128 bytes)
1671823518.317299 sending message 105 to peer 0x7fc473031000 (34 bytes)
1671823518.317305 sending message 105 to peer 0x7fc473031000 (105 bytes)
1671823518.317311 sending message 105 to peer 0x7fc473031000 (30 bytes)
1671823518.317316 sending message 105 to peer 0x7fc473031000 (24 bytes)
1671823518.317322 sending message 105 to peer 0x7fc473031000 (20 bytes)
1671823518.317327 sending message 105 to peer 0x7fc473031000 (57 bytes)
1671823518.317332 sending message 105 to peer 0x7fc473031000 (19 bytes)
1671823518.317338 sending message 105 to peer 0x7fc473031000 (66 bytes)
1671823518.317347 sending message 105 to peer 0x7fc473031000 (22 bytes)
1671823518.317355 sending message 105 to peer 0x7fc473031000 (8 bytes)
1671823518.317364 sending message 105 to peer 0x7fc473031000 (17 bytes)
1671823518.317373 sending message 106 to peer 0x7fc473031000 (0 bytes)
1671823518.317837 sending message 200 to peer 0x7fc473031000 (4 bytes)
1671823518.317854 client loop enter
1671823518.317884 client_signal: Child exited: 20
1671823518.453756 peer 0x7fc473031000 message 207
1671823518.453790 sending message 208 to peer 0x7fc473031000 (0 bytes)
1671823525.070035 client loop exit
